[INFO] Scanning for projects...
[WARNING] 
[WARNING] Some problems were encountered while building the effective model for com.bootcamp:categorie.service.use.case:war:1.0-SNAPSHOT
[WARNING] 'build.plugins.plugin.version' for org.apache.maven.plugins:maven-compiler-plugin is missing. @ line 251, column 15
[WARNING] 
[WARNING] It is highly recommended to fix these problems because they threaten the stability of your build.
[WARNING] 
[WARNING] For this reason, future Maven versions might no longer support building such malformed projects.
[WARNING] 
[INFO] 
[INFO] ------------------------------------------------------------------------
[INFO] Building categorie.service.use.case 1.0-SNAPSHOT
[INFO] ------------------------------------------------------------------------
[INFO] 
[INFO] >>> spring-boot-maven-plugin:1.5.3.RELEASE:run (default-cli) > test-compile @ categorie.service.use.case >>>
[INFO] 
[INFO] --- maven-resources-plugin:2.6:resources (default-resources) @ categorie.service.use.case ---
[INFO] Using 'UTF-8' encoding to copy filtered resources.
[INFO] skip non existing resourceDirectory /home/ibrahim/release4/categorie.service.use.case/src/main/resources
[INFO] Copying 18 resources
[INFO] 
[INFO] --- maven-compiler-plugin:3.1:compile (default-compile) @ categorie.service.use.case ---
[INFO] Nothing to compile - all classes are up to date
[INFO] 
[INFO] --- maven-resources-plugin:2.6:testResources (default-testResources) @ categorie.service.use.case ---
[INFO] Using 'UTF-8' encoding to copy filtered resources.
[INFO] skip non existing resourceDirectory /home/ibrahim/release4/categorie.service.use.case/src/test/resources
[INFO] 
[INFO] --- maven-compiler-plugin:3.1:testCompile (default-testCompile) @ categorie.service.use.case ---
[INFO] Nothing to compile - all classes are up to date
[INFO] 
[INFO] <<< spring-boot-maven-plugin:1.5.3.RELEASE:run (default-cli) < test-compile @ categorie.service.use.case <<<
[INFO] 
[INFO] 
[INFO] --- spring-boot-maven-plugin:1.5.3.RELEASE:run (default-cli) @ categorie.service.use.case ---
SLF4J: Class path contains multiple SLF4J bindings.
SLF4J: Found binding in [jar:file:/home/ibrahim/.m2/repository/org/apache/logging/log4j/log4j-slf4j-impl/2.7/log4j-slf4j-impl-2.7.jar!/org/slf4j/impl/StaticLoggerBinder.class]
SLF4J: Found binding in [jar:file:/home/ibrahim/.m2/repository/org/slf4j/slf4j-log4j12/1.7.12/slf4j-log4j12-1.7.12.jar!/org/slf4j/impl/StaticLoggerBinder.class]
SLF4J: See http://www.slf4j.org/codes.html#multiple_bindings for an explanation.
SLF4J: Actual binding is of type [org.apache.logging.slf4j.Log4jLoggerFactory]

  .   ____          _            __ _ _
 /\\ / ___'_ __ _ _(_)_ __  __ _ \ \ \ \
( ( )\___ | '_ | '_| | '_ \/ _` | \ \ \ \
 \\/  ___)| |_)| | | | | || (_| |  ) ) ) )
  '  |____| .__|_| |_|_| |_\__, | / / / /
 =========|_|==============|___/=/_/_/_/
 :: Spring Boot ::        (v1.5.8.RELEASE)

2017-12-11 08:22:23.718 WAT [background-preinit] o.h.v.i.u.Version INFO : HV000001: Hibernate Validator 5.3.5.Final
2017-12-11 08:22:28.073 WAT [main] o.a.c.c.StandardService INFO : Starting service [Tomcat]
2017-12-11 08:22:28.076 WAT [main] o.a.c.c.StandardEngine INFO : Starting Servlet Engine: Apache Tomcat/8.5.23
2017-12-11 08:22:28.351 WAT [localhost-startStop-1] o.a.c.c.C.[.[.[/categorie] INFO : Initializing Spring embedded WebApplicationContext
2017-12-11 08:22:35.058 WAT [main] s.d.s.w.p.DocumentationPluginsBootstrapper INFO : Context refreshed
2017-12-11 08:22:35.275 WAT [main] s.d.s.w.p.DocumentationPluginsBootstrapper INFO : Found 1 custom documentation plugin(s)
2017-12-11 08:22:35.348 WAT [main] s.d.s.w.s.ApiListingReferenceScanner INFO : Scanning for api listing references
2017-12-11 08:22:36.370 WAT [main] s.d.s.w.r.o.CachingOperationNameGenerator INFO : Generating unique operation named: getPilierUsingGET_1
2017-12-11 08:22:36.863 WAT [main] o.a.c.h.Http11NioProtocol INFO : Initializing ProtocolHandler ["http-nio-9090"]
2017-12-11 08:22:37.067 WAT [main] o.a.c.h.Http11NioProtocol INFO : Starting ProtocolHandler ["http-nio-9090"]
2017-12-11 08:22:37.242 WAT [main] o.a.t.u.n.NioSelectorPool INFO : Using a shared selector for servlet write/read
